Command line invocation:
    /Applications/Xcode.app/Contents/Developer/usr/bin/xcodebuild build -scheme Trawl -destination generic/platform=iOS

ComputePackagePrebuildTargetDependencyGraph

Prepare packages

CreateBuildRequest

SendProjectDescription

CreateBuildOperation

ComputeTargetDependencyGraph
note: Building targets in dependency order
note: Target dependency graph (3 targets)
    Target 'Trawl' in project 'Trawl'
        ➜ Explicit dependency on target 'TrawlShare' in project 'Trawl'
        ➜ Explicit dependency on target 'TrawlWidgets' in project 'Trawl'
    Target 'TrawlWidgets' in project 'Trawl' (no dependencies)
    Target 'TrawlShare' in project 'Trawl' (no dependencies)

GatherProvisioningInputs

CreateBuildDescription

ExecuteExternalTool /Applications/Xcode.app/Contents/Developer/Toolchains/XcodeDefault.xctoolchain/usr/bin/clang -v -E -dM -isysroot /Applications/Xcode.app/Contents/Developer/Platforms/iPhoneOS.platform/Developer/SDKs/iPhoneOS26.4.sdk -x c -c /dev/null

ExecuteExternalTool /Applications/Xcode.app/Contents/Developer/Toolchains/XcodeDefault.xctoolchain/usr/bin/swiftc --version

ExecuteExternalTool /Applications/Xcode.app/Contents/Developer/usr/bin/actool --print-asset-tag-combinations --output-format xml1 /Users/jamespoole/Documents/Trawl Project/Trawl/Trawl/Trawl/Assets.xcassets

ExecuteExternalTool /Applications/Xcode.app/Contents/Developer/usr/bin/actool --version --output-format xml1

ExecuteExternalTool /Applications/Xcode.app/Contents/Developer/Toolchains/XcodeDefault.xctoolchain/usr/bin/ld -version_details

Build description signature: 0085c7182ee439afdd9c21915f3f4b64
Build description path: /Users/jamespoole/Library/Developer/Xcode/DerivedData/Trawl-bxtrgapxrgbigxbcceuhctfjtvoa/Build/Intermediates.noindex/XCBuildData/0085c7182ee439afdd9c21915f3f4b64.xcbuilddata
ClangStatCache /Applications/Xcode.app/Contents/Developer/Toolchains/XcodeDefault.xctoolchain/usr/bin/clang-stat-cache /Applications/Xcode.app/Contents/Developer/Platforms/iPhoneOS.platform/Developer/SDKs/iPhoneOS26.4.sdk /Users/jamespoole/Library/Developer/Xcode/DerivedData/SDKStatCaches.noindex/iphoneos26.4-23E252-688ef53f1462e2c8f657fdc38a81448f68a138bb55de9ba35ce6c8c40d12849e.sdkstatcache
    cd /Users/jamespoole/Documents/Trawl\ Project/Trawl/Trawl/Trawl.xcodeproj
    /Applications/Xcode.app/Contents/Developer/Toolchains/XcodeDefault.xctoolchain/usr/bin/clang-stat-cache /Applications/Xcode.app/Contents/Developer/Platforms/iPhoneOS.platform/Developer/SDKs/iPhoneOS26.4.sdk -o /Users/jamespoole/Library/Developer/Xcode/DerivedData/SDKStatCaches.noindex/iphoneos26.4-23E252-688ef53f1462e2c8f657fdc38a81448f68a138bb55de9ba35ce6c8c40d12849e.sdkstatcache

ProcessInfoPlistFile /Users/jamespoole/Library/Developer/Xcode/DerivedData/Trawl-bxtrgapxrgbigxbcceuhctfjtvoa/Build/Products/Debug-iphoneos/TrawlShare.appex/Info.plist /Users/jamespoole/Documents/Trawl\ Project/Trawl/Trawl/Trawl/Info.plist (in target 'TrawlShare' from project 'Trawl')
    cd /Users/jamespoole/Documents/Trawl\ Project/Trawl/Trawl
    builtin-infoPlistUtility /Users/jamespoole/Documents/Trawl\ Project/Trawl/Trawl/Trawl/Info.plist -producttype com.apple.product-type.app-extension -expandbuildsettings -format binary -platform iphoneos -requiredArchitecture arm64 -o /Users/jamespoole/Library/Developer/Xcode/DerivedData/Trawl-bxtrgapxrgbigxbcceuhctfjtvoa/Build/Products/Debug-iphoneos/TrawlShare.appex/Info.plist

ProcessInfoPlistFile /Users/jamespoole/Library/Developer/Xcode/DerivedData/Trawl-bxtrgapxrgbigxbcceuhctfjtvoa/Build/Products/Debug-iphoneos/TrawlWidgets.appex/Info.plist /Users/jamespoole/Documents/Trawl\ Project/Trawl/Trawl/TrawlWidgets/Info.plist (in target 'TrawlWidgets' from project 'Trawl')
    cd /Users/jamespoole/Documents/Trawl\ Project/Trawl/Trawl
    builtin-infoPlistUtility /Users/jamespoole/Documents/Trawl\ Project/Trawl/Trawl/TrawlWidgets/Info.plist -producttype com.apple.product-type.app-extension -expandbuildsettings -format binary -platform iphoneos -requiredArchitecture arm64 -o /Users/jamespoole/Library/Developer/Xcode/DerivedData/Trawl-bxtrgapxrgbigxbcceuhctfjtvoa/Build/Products/Debug-iphoneos/TrawlWidgets.appex/Info.plist

SwiftDriver Trawl normal arm64 com.apple.xcode.tools.swift.compiler (in target 'Trawl' from project 'Trawl')
    cd /Users/jamespoole/Documents/Trawl\ Project/Trawl/Trawl
    builtin-SwiftDriver -- /Applications/Xcode.app/Contents/Developer/Toolchains/XcodeDefault.xctoolchain/usr/bin/swiftc -module-name Trawl -Onone @/Users/jamespoole/Library/Developer/Xcode/DerivedData/Trawl-bxtrgapxrgbigxbcceuhctfjtvoa/Build/Intermediates.noindex/Trawl.build/Debug-iphoneos/Trawl.build/Objects-normal/arm64/Trawl.SwiftFileList -DDEBUG -default-isolation\=MainActor -enable-upcoming-feature MemberImportVisibility -enable-upcoming-feature InferIsolatedConformances -enable-upcoming-feature NonisolatedNonsendingByDefault -enable-experimental-feature DebugDescriptionMacro -sdk /Applications/Xcode.app/Contents/Developer/Platforms/iPhoneOS.platform/Developer/SDKs/iPhoneOS26.4.sdk -target arm64-apple-ios26.0 -g -module-cache-path /Users/jamespoole/Library/Developer/Xcode/DerivedData/ModuleCache.noindex -Xfrontend -serialize-debugging-options -profile-coverage-mapping -profile-generate -enable-testing -index-store-path /Users/jamespoole/Library/Developer/Xcode/DerivedData/Trawl-bxtrgapxrgbigxbcceuhctfjtvoa/Index.noindex/DataStore -Xcc -D_LIBCPP_HARDENING_MODE\=_LIBCPP_HARDENING_MODE_DEBUG -swift-version 6 -I /Users/jamespoole/Library/Developer/Xcode/DerivedData/Trawl-bxtrgapxrgbigxbcceuhctfjtvoa/Build/Products/Debug-iphoneos -F /Users/jamespoole/Library/Developer/Xcode/DerivedData/Trawl-bxtrgapxrgbigxbcceuhctfjtvoa/Build/Products/Debug-iphoneos -emit-localized-strings -emit-localized-strings-path /Users/jamespoole/Library/Developer/Xcode/DerivedData/Trawl-bxtrgapxrgbigxbcceuhctfjtvoa/Build/Intermediates.noindex/Trawl.build/Debug-iphoneos/Trawl.build/Objects-normal/arm64 -c -j10 -enable-batch-mode -incremental -Xcc -ivfsstatcache -Xcc /Users/jamespoole/Library/Developer/Xcode/DerivedData/SDKStatCaches.noindex/iphoneos26.4-23E252-688ef53f1462e2c8f657fdc38a81448f68a138bb55de9ba35ce6c8c40d12849e.sdkstatcache -output-file-map /Users/jamespoole/Library/Developer/Xcode/DerivedData/Trawl-bxtrgapxrgbigxbcceuhctfjtvoa/Build/Intermediates.noindex/Trawl.build/Debug-iphoneos/Trawl.build/Objects-normal/arm64/Trawl-OutputFileMap.json -use-frontend-parseable-output -save-temps -no-color-diagnostics -explicit-module-build -module-cache-path /Users/jamespoole/Library/Developer/Xcode/DerivedData/Trawl-bxtrgapxrgbigxbcceuhctfjtvoa/Build/Intermediates.noindex/SwiftExplicitPrecompiledModules -clang-scanner-module-cache-path /Users/jamespoole/Library/Developer/Xcode/DerivedData/ModuleCache.noindex -sdk-module-cache-path /Users/jamespoole/Library/Developer/Xcode/DerivedData/ModuleCache.noindex -serialize-diagnostics -emit-dependencies -emit-module -emit-module-path /Users/jamespoole/Library/Developer/Xcode/DerivedData/Trawl-bxtrgapxrgbigxbcceuhctfjtvoa/Build/Intermediates.noindex/Trawl.build/Debug-iphoneos/Trawl.build/Objects-normal/arm64/Trawl.swiftmodule -validate-clang-modules-once -clang-build-session-file /Users/jamespoole/Library/Developer/Xcode/DerivedData/ModuleCache.noindex/Session.modulevalidation -Xcc -I/Users/jamespoole/Library/Developer/Xcode/DerivedData/Trawl-bxtrgapxrgbigxbcceuhctfjtvoa/Build/Intermediates.noindex/Trawl.build/Debug-iphoneos/Trawl.build/swift-overrides.hmap -emit-const-values -Xfrontend -const-gather-protocols-file -Xfrontend /Users/jamespoole/Library/Developer/Xcode/DerivedData/Trawl-bxtrgapxrgbigxbcceuhctfjtvoa/Build/Intermediates.noindex/Trawl.build/Debug-iphoneos/Trawl.build/Objects-normal/arm64/Trawl_const_extract_protocols.json -Xcc -iquote -Xcc /Users/jamespoole/Library/Developer/Xcode/DerivedData/Trawl-bxtrgapxrgbigxbcceuhctfjtvoa/Build/Intermediates.noindex/Trawl.build/Debug-iphoneos/Trawl.build/Trawl-generated-files.hmap -Xcc -I/Users/jamespoole/Library/Developer/Xcode/DerivedData/Trawl-bxtrgapxrgbigxbcceuhctfjtvoa/Build/Intermediates.noindex/Trawl.build/Debug-iphoneos/Trawl.build/Trawl-own-target-headers.hmap -Xcc -I/Users/jamespoole/Library/Developer/Xcode/DerivedData/Trawl-bxtrgapxrgbigxbcceuhctfjtvoa/Build/Intermediates.noindex/Trawl.build/Debug-iphoneos/Trawl.build/Trawl-all-target-headers.hmap -Xcc -iquote -Xcc /Users/jamespoole/Library/Developer/Xcode/DerivedData/Trawl-bxtrgapxrgbigxbcceuhctfjtvoa/Build/Intermediates.noindex/Trawl.build/Debug-iphoneos/Trawl.build/Trawl-project-headers.hmap -Xcc -I/Users/jamespoole/Library/Developer/Xcode/DerivedData/Trawl-bxtrgapxrgbigxbcceuhctfjtvoa/Build/Products/Debug-iphoneos/include -Xcc -I/Users/jamespoole/Library/Developer/Xcode/DerivedData/Trawl-bxtrgapxrgbigxbcceuhctfjtvoa/Build/Intermediates.noindex/Trawl.build/Debug-iphoneos/Trawl.build/DerivedSources-normal/arm64 -Xcc -I/Users/jamespoole/Library/Developer/Xcode/DerivedData/Trawl-bxtrgapxrgbigxbcceuhctfjtvoa/Build/Intermediates.noindex/Trawl.build/Debug-iphoneos/Trawl.build/DerivedSources/arm64 -Xcc -I/Users/jamespoole/Library/Developer/Xcode/DerivedData/Trawl-bxtrgapxrgbigxbcceuhctfjtvoa/Build/Intermediates.noindex/Trawl.build/Debug-iphoneos/Trawl.build/DerivedSources -Xcc -DDEBUG\=1 -emit-objc-header -emit-objc-header-path /Users/jamespoole/Library/Developer/Xcode/DerivedData/Trawl-bxtrgapxrgbigxbcceuhctfjtvoa/Build/Intermediates.noindex/Trawl.build/Debug-iphoneos/Trawl.build/Objects-normal/arm64/Trawl-Swift.h -working-directory /Users/jamespoole/Documents/Trawl\ Project/Trawl/Trawl -experimental-emit-module-separately -disable-cmo

CompileAssetCatalogVariant thinned /Users/jamespoole/Library/Developer/Xcode/DerivedData/Trawl-bxtrgapxrgbigxbcceuhctfjtvoa/Build/Products/Debug-iphoneos/Trawl.app /Users/jamespoole/Documents/Trawl\ Project/Trawl/Trawl/Trawl/Assets.xcassets (in target 'Trawl' from project 'Trawl')
    cd /Users/jamespoole/Documents/Trawl\ Project/Trawl/Trawl
    /Applications/Xcode.app/Contents/Developer/usr/bin/actool /Users/jamespoole/Documents/Trawl\ Project/Trawl/Trawl/Trawl/Assets.xcassets --compile /Users/jamespoole/Library/Developer/Xcode/DerivedData/Trawl-bxtrgapxrgbigxbcceuhctfjtvoa/Build/Intermediates.noindex/Trawl.build/Debug-iphoneos/Trawl.build/assetcatalog_output/thinned --output-format human-readable-text --notices --warnings --export-dependency-info /Users/jamespoole/Library/Developer/Xcode/DerivedData/Trawl-bxtrgapxrgbigxbcceuhctfjtvoa/Build/Intermediates.noindex/Trawl.build/Debug-iphoneos/Trawl.build/assetcatalog_dependencies_thinned --output-partial-info-plist /Users/jamespoole/Library/Developer/Xcode/DerivedData/Trawl-bxtrgapxrgbigxbcceuhctfjtvoa/Build/Intermediates.noindex/Trawl.build/Debug-iphoneos/Trawl.build/assetcatalog_generated_info.plist_thinned --app-icon AppIcon --accent-color AccentColor --compress-pngs --enable-on-demand-resources YES --development-region en --target-device iphone --target-device ipad --minimum-deployment-target 26.0 --platform iphoneos
/* com.apple.actool.compilation-results */
/Users/jamespoole/Library/Developer/Xcode/DerivedData/Trawl-bxtrgapxrgbigxbcceuhctfjtvoa/Build/Intermediates.noindex/Trawl.build/Debug-iphoneos/Trawl.build/assetcatalog_generated_info.plist_thinned
/Users/jamespoole/Library/Developer/Xcode/DerivedData/Trawl-bxtrgapxrgbigxbcceuhctfjtvoa/Build/Intermediates.noindex/Trawl.build/Debug-iphoneos/Trawl.build/assetcatalog_output/thinned/AppIcon60x60@2x.png
/Users/jamespoole/Library/Developer/Xcode/DerivedData/Trawl-bxtrgapxrgbigxbcceuhctfjtvoa/Build/Intermediates.noindex/Trawl.build/Debug-iphoneos/Trawl.build/assetcatalog_output/thinned/AppIcon76x76@2x~ipad.png
/Users/jamespoole/Library/Developer/Xcode/DerivedData/Trawl-bxtrgapxrgbigxbcceuhctfjtvoa/Build/Intermediates.noindex/Trawl.build/Debug-iphoneos/Trawl.build/assetcatalog_output/thinned/Assets.car


LinkAssetCatalog /Users/jamespoole/Documents/Trawl\ Project/Trawl/Trawl/Trawl/Assets.xcassets (in target 'Trawl' from project 'Trawl')
    cd /Users/jamespoole/Documents/Trawl\ Project/Trawl/Trawl
    builtin-linkAssetCatalog --thinned /Users/jamespoole/Library/Developer/Xcode/DerivedData/Trawl-bxtrgapxrgbigxbcceuhctfjtvoa/Build/Intermediates.noindex/Trawl.build/Debug-iphoneos/Trawl.build/assetcatalog_output/thinned --thinned-dependencies /Users/jamespoole/Library/Developer/Xcode/DerivedData/Trawl-bxtrgapxrgbigxbcceuhctfjtvoa/Build/Intermediates.noindex/Trawl.build/Debug-iphoneos/Trawl.build/assetcatalog_dependencies_thinned --thinned-info-plist-content /Users/jamespoole/Library/Developer/Xcode/DerivedData/Trawl-bxtrgapxrgbigxbcceuhctfjtvoa/Build/Intermediates.noindex/Trawl.build/Debug-iphoneos/Trawl.build/assetcatalog_generated_info.plist_thinned --unthinned /Users/jamespoole/Library/Developer/Xcode/DerivedData/Trawl-bxtrgapxrgbigxbcceuhctfjtvoa/Build/Intermediates.noindex/Trawl.build/Debug-iphoneos/Trawl.build/assetcatalog_output/unthinned --unthinned-dependencies /Users/jamespoole/Library/Developer/Xcode/DerivedData/Trawl-bxtrgapxrgbigxbcceuhctfjtvoa/Build/Intermediates.noindex/Trawl.build/Debug-iphoneos/Trawl.build/assetcatalog_dependencies_unthinned --unthinned-info-plist-content /Users/jamespoole/Library/Developer/Xcode/DerivedData/Trawl-bxtrgapxrgbigxbcceuhctfjtvoa/Build/Intermediates.noindex/Trawl.build/Debug-iphoneos/Trawl.build/assetcatalog_generated_info.plist_unthinned --output /Users/jamespoole/Library/Developer/Xcode/DerivedData/Trawl-bxtrgapxrgbigxbcceuhctfjtvoa/Build/Products/Debug-iphoneos/Trawl.app --plist-output /Users/jamespoole/Library/Developer/Xcode/DerivedData/Trawl-bxtrgapxrgbigxbcceuhctfjtvoa/Build/Intermediates.noindex/Trawl.build/Debug-iphoneos/Trawl.build/assetcatalog_generated_info.plist
note: Emplaced /Users/jamespoole/Library/Developer/Xcode/DerivedData/Trawl-bxtrgapxrgbigxbcceuhctfjtvoa/Build/Products/Debug-iphoneos/Trawl.app/AppIcon76x76@2x~ipad.png (in target 'Trawl' from project 'Trawl')
note: Emplaced /Users/jamespoole/Library/Developer/Xcode/DerivedData/Trawl-bxtrgapxrgbigxbcceuhctfjtvoa/Build/Products/Debug-iphoneos/Trawl.app/Assets.car (in target 'Trawl' from project 'Trawl')
note: Emplaced /Users/jamespoole/Library/Developer/Xcode/DerivedData/Trawl-bxtrgapxrgbigxbcceuhctfjtvoa/Build/Products/Debug-iphoneos/Trawl.app/AppIcon60x60@2x.png (in target 'Trawl' from project 'Trawl')

SwiftCompile normal arm64 Compiling\ BazarrLinkedApplicationsView.swift,\ BazarrMovieDetailView.swift,\ BazarrProvidersView.swift,\ BazarrSeriesDetailView.swift /Users/jamespoole/Documents/Trawl\ Project/Trawl/Trawl/Trawl/ArrStack/BazarrLinkedApplicationsView.swift /Users/jamespoole/Documents/Trawl\ Project/Trawl/Trawl/Trawl/ArrStack/BazarrMovieDetailView.swift /Users/jamespoole/Documents/Trawl\ Project/Trawl/Trawl/Trawl/ArrStack/BazarrProvidersView.swift /Users/jamespoole/Documents/Trawl\ Project/Trawl/Trawl/Trawl/ArrStack/BazarrSeriesDetailView.swift (in target 'Trawl' from project 'Trawl')

SwiftCompile normal arm64 /Users/jamespoole/Documents/Trawl\ Project/Trawl/Trawl/Trawl/ArrStack/BazarrLinkedApplicationsView.swift (in target 'Trawl' from project 'Trawl')
    cd /Users/jamespoole/Documents/Trawl\ Project/Trawl/Trawl


SwiftCompile normal arm64 /Users/jamespoole/Documents/Trawl\ Project/Trawl/Trawl/Trawl/ArrStack/BazarrMovieDetailView.swift (in target 'Trawl' from project 'Trawl')
    cd /Users/jamespoole/Documents/Trawl\ Project/Trawl/Trawl


SwiftCompile normal arm64 /Users/jamespoole/Documents/Trawl\ Project/Trawl/Trawl/Trawl/ArrStack/BazarrProvidersView.swift (in target 'Trawl' from project 'Trawl')
    cd /Users/jamespoole/Documents/Trawl\ Project/Trawl/Trawl


SwiftCompile normal arm64 /Users/jamespoole/Documents/Trawl\ Project/Trawl/Trawl/Trawl/ArrStack/BazarrSeriesDetailView.swift (in target 'Trawl' from project 'Trawl')
    cd /Users/jamespoole/Documents/Trawl\ Project/Trawl/Trawl


SwiftCompile normal arm64 Compiling\ RadarrAPIClient.swift,\ RadarrEditMovieSheet.swift,\ RadarrMovieDetailView.swift,\ RadarrMovieListView.swift /Users/jamespoole/Documents/Trawl\ Project/Trawl/Trawl/Trawl/ArrStack/RadarrAPIClient.swift /Users/jamespoole/Documents/Trawl\ Project/Trawl/Trawl/Trawl/ArrStack/RadarrEditMovieSheet.swift /Users/jamespoole/Documents/Trawl\ Project/Trawl/Trawl/Trawl/ArrStack/RadarrMovieDetailView.swift /Users/jamespoole/Documents/Trawl\ Project/Trawl/Trawl/Trawl/ArrStack/RadarrMovieListView.swift (in target 'Trawl' from project 'Trawl')

SwiftCompile normal arm64 /Users/jamespoole/Documents/Trawl\ Project/Trawl/Trawl/Trawl/ArrStack/RadarrAPIClient.swift (in target 'Trawl' from project 'Trawl')
    cd /Users/jamespoole/Documents/Trawl\ Project/Trawl/Trawl


SwiftCompile normal arm64 /Users/jamespoole/Documents/Trawl\ Project/Trawl/Trawl/Trawl/ArrStack/RadarrEditMovieSheet.swift (in target 'Trawl' from project 'Trawl')
    cd /Users/jamespoole/Documents/Trawl\ Project/Trawl/Trawl


SwiftCompile normal arm64 /Users/jamespoole/Documents/Trawl\ Project/Trawl/Trawl/Trawl/ArrStack/RadarrMovieDetailView.swift (in target 'Trawl' from project 'Trawl')
    cd /Users/jamespoole/Documents/Trawl\ Project/Trawl/Trawl


SwiftCompile normal arm64 /Users/jamespoole/Documents/Trawl\ Project/Trawl/Trawl/Trawl/ArrStack/RadarrMovieListView.swift (in target 'Trawl' from project 'Trawl')
    cd /Users/jamespoole/Documents/Trawl\ Project/Trawl/Trawl


SwiftCompile normal arm64 Compiling\ ArrActivityView.swift,\ ArrAddDownloadClientSheet.swift,\ ArrBlocklistView.swift,\ ArrCalendarView.swift,\ ArrDownloadClientListView.swift /Users/jamespoole/Documents/Trawl\ Project/Trawl/Trawl/Trawl/ArrStack/ArrActivityView.swift /Users/jamespoole/Documents/Trawl\ Project/Trawl/Trawl/Trawl/ArrStack/ArrAddDownloadClientSheet.swift /Users/jamespoole/Documents/Trawl\ Project/Trawl/Trawl/Trawl/ArrStack/ArrBlocklistView.swift /Users/jamespoole/Documents/Trawl\ Project/Trawl/Trawl/Trawl/ArrStack/ArrCalendarView.swift /Users/jamespoole/Documents/Trawl\ Project/Trawl/Trawl/Trawl/ArrStack/ArrDownloadClientListView.swift (in target 'Trawl' from project 'Trawl')

SwiftCompile normal arm64 /Users/jamespoole/Documents/Trawl\ Project/Trawl/Trawl/Trawl/ArrStack/ArrActivityView.swift (in target 'Trawl' from project 'Trawl')
    cd /Users/jamespoole/Documents/Trawl\ Project/Trawl/Trawl


SwiftCompile normal arm64 /Users/jamespoole/Documents/Trawl\ Project/Trawl/Trawl/Trawl/ArrStack/ArrAddDownloadClientSheet.swift (in target 'Trawl' from project 'Trawl')
    cd /Users/jamespoole/Documents/Trawl\ Project/Trawl/Trawl


SwiftCompile normal arm64 /Users/jamespoole/Documents/Trawl\ Project/Trawl/Trawl/Trawl/ArrStack/ArrBlocklistView.swift (in target 'Trawl' from project 'Trawl')
    cd /Users/jamespoole/Documents/Trawl\ Project/Trawl/Trawl


SwiftCompile normal arm64 /Users/jamespoole/Documents/Trawl\ Project/Trawl/Trawl/Trawl/ArrStack/ArrCalendarView.swift (in target 'Trawl' from project 'Trawl')
    cd /Users/jamespoole/Documents/Trawl\ Project/Trawl/Trawl


SwiftCompile normal arm64 /Users/jamespoole/Documents/Trawl\ Project/Trawl/Trawl/Trawl/ArrStack/ArrDownloadClientListView.swift (in target 'Trawl' from project 'Trawl')
    cd /Users/jamespoole/Documents/Trawl\ Project/Trawl/Trawl


SwiftCompile normal arm64 Compiling\ ArrHistoryView.swift,\ ArrLibraryViewModel.swift,\ ArrManualImportView.swift,\ ArrMediaListView.swift,\ ArrMediaManagementView.swift /Users/jamespoole/Documents/Trawl\ Project/Trawl/Trawl/Trawl/ArrStack/ArrHistoryView.swift /Users/jamespoole/Documents/Trawl\ Project/Trawl/Trawl/Trawl/ArrStack/ArrLibraryViewModel.swift /Users/jamespoole/Documents/Trawl\ Project/Trawl/Trawl/Trawl/ArrStack/ArrManualImportView.swift /Users/jamespoole/Documents/Trawl\ Project/Trawl/Trawl/Trawl/ArrStack/ArrMediaListView.swift /Users/jamespoole/Documents/Trawl\ Project/Trawl/Trawl/Trawl/ArrStack/ArrMediaManagementView.swift (in target 'Trawl' from project 'Trawl')

SwiftCompile normal arm64 /Users/jamespoole/Documents/Trawl\ Project/Trawl/Trawl/Trawl/ArrStack/ArrHistoryView.swift (in target 'Trawl' from project 'Trawl')
    cd /Users/jamespoole/Documents/Trawl\ Project/Trawl/Trawl


SwiftCompile normal arm64 /Users/jamespoole/Documents/Trawl\ Project/Trawl/Trawl/Trawl/ArrStack/ArrLibraryViewModel.swift (in target 'Trawl' from project 'Trawl')
    cd /Users/jamespoole/Documents/Trawl\ Project/Trawl/Trawl


SwiftCompile normal arm64 /Users/jamespoole/Documents/Trawl\ Project/Trawl/Trawl/Trawl/ArrStack/ArrManualImportView.swift (in target 'Trawl' from project 'Trawl')
    cd /Users/jamespoole/Documents/Trawl\ Project/Trawl/Trawl


SwiftCompile normal arm64 /Users/jamespoole/Documents/Trawl\ Project/Trawl/Trawl/Trawl/ArrStack/ArrMediaListView.swift (in target 'Trawl' from project 'Trawl')
    cd /Users/jamespoole/Documents/Trawl\ Project/Trawl/Trawl


SwiftCompile normal arm64 /Users/jamespoole/Documents/Trawl\ Project/Trawl/Trawl/Trawl/ArrStack/ArrMediaManagementView.swift (in target 'Trawl' from project 'Trawl')
    cd /Users/jamespoole/Documents/Trawl\ Project/Trawl/Trawl


SwiftEmitModule normal arm64 Emitting\ module\ for\ Trawl (in target 'Trawl' from project 'Trawl')

EmitSwiftModule normal arm64 (in target 'Trawl' from project 'Trawl')
    cd /Users/jamespoole/Documents/Trawl\ Project/Trawl/Trawl


SwiftCompile normal arm64 Compiling\ SonarrSeriesDetailView.swift,\ SonarrSeriesListView.swift,\ SonarrViewModel.swift,\ ContentView.swift /Users/jamespoole/Documents/Trawl\ Project/Trawl/Trawl/Trawl/ArrStack/SonarrSeriesDetailView.swift /Users/jamespoole/Documents/Trawl\ Project/Trawl/Trawl/Trawl/ArrStack/SonarrSeriesListView.swift /Users/jamespoole/Documents/Trawl\ Project/Trawl/Trawl/Trawl/ArrStack/SonarrViewModel.swift /Users/jamespoole/Documents/Trawl\ Project/Trawl/Trawl/Trawl/Views/ContentView.swift (in target 'Trawl' from project 'Trawl')

SwiftCompile normal arm64 /Users/jamespoole/Documents/Trawl\ Project/Trawl/Trawl/Trawl/ArrStack/SonarrSeriesDetailView.swift (in target 'Trawl' from project 'Trawl')
    cd /Users/jamespoole/Documents/Trawl\ Project/Trawl/Trawl


SwiftCompile normal arm64 /Users/jamespoole/Documents/Trawl\ Project/Trawl/Trawl/Trawl/ArrStack/SonarrSeriesListView.swift (in target 'Trawl' from project 'Trawl')
    cd /Users/jamespoole/Documents/Trawl\ Project/Trawl/Trawl


SwiftCompile normal arm64 /Users/jamespoole/Documents/Trawl\ Project/Trawl/Trawl/Trawl/ArrStack/SonarrViewModel.swift (in target 'Trawl' from project 'Trawl')
    cd /Users/jamespoole/Documents/Trawl\ Project/Trawl/Trawl


SwiftCompile normal arm64 /Users/jamespoole/Documents/Trawl\ Project/Trawl/Trawl/Trawl/Views/ContentView.swift (in target 'Trawl' from project 'Trawl')
    cd /Users/jamespoole/Documents/Trawl\ Project/Trawl/Trawl


SwiftCompile normal arm64 Compiling\ MoreView.swift,\ SearchView.swift,\ SettingsView.swift,\ TrawlApp.swift /Users/jamespoole/Documents/Trawl\ Project/Trawl/Trawl/Trawl/Views/MoreView.swift /Users/jamespoole/Documents/Trawl\ Project/Trawl/Trawl/Trawl/Views/SearchView.swift /Users/jamespoole/Documents/Trawl\ Project/Trawl/Trawl/Trawl/Views/SettingsView.swift /Users/jamespoole/Documents/Trawl\ Project/Trawl/Trawl/Trawl/TrawlApp.swift (in target 'Trawl' from project 'Trawl')

SwiftCompile normal arm64 /Users/jamespoole/Documents/Trawl\ Project/Trawl/Trawl/Trawl/Views/MoreView.swift (in target 'Trawl' from project 'Trawl')
    cd /Users/jamespoole/Documents/Trawl\ Project/Trawl/Trawl


SwiftCompile normal arm64 /Users/jamespoole/Documents/Trawl\ Project/Trawl/Trawl/Trawl/Views/SearchView.swift (in target 'Trawl' from project 'Trawl')
    cd /Users/jamespoole/Documents/Trawl\ Project/Trawl/Trawl


SwiftCompile normal arm64 /Users/jamespoole/Documents/Trawl\ Project/Trawl/Trawl/Trawl/Views/SettingsView.swift (in target 'Trawl' from project 'Trawl')
    cd /Users/jamespoole/Documents/Trawl\ Project/Trawl/Trawl


SwiftCompile normal arm64 /Users/jamespoole/Documents/Trawl\ Project/Trawl/Trawl/Trawl/TrawlApp.swift (in target 'Trawl' from project 'Trawl')
    cd /Users/jamespoole/Documents/Trawl\ Project/Trawl/Trawl


SwiftCompile normal arm64 Compiling\ RadarrViewModel.swift,\ SonarrAddSeriesSheet.swift,\ SonarrAPIClient.swift,\ SonarrEditSeriesSheet.swift /Users/jamespoole/Documents/Trawl\ Project/Trawl/Trawl/Trawl/ArrStack/RadarrViewModel.swift /Users/jamespoole/Documents/Trawl\ Project/Trawl/Trawl/Trawl/ArrStack/SonarrAddSeriesSheet.swift /Users/jamespoole/Documents/Trawl\ Project/Trawl/Trawl/Trawl/ArrStack/SonarrAPIClient.swift /Users/jamespoole/Documents/Trawl\ Project/Trawl/Trawl/Trawl/ArrStack/SonarrEditSeriesSheet.swift (in target 'Trawl' from project 'Trawl')
Failed frontend command:
/Applications/Xcode.app/Contents/Developer/Toolchains/XcodeDefault.xctoolchain/usr/bin/swift-frontend -frontend -c -filelist /Users/jamespoole/Library/Developer/Xcode/DerivedData/Trawl-bxtrgapxrgbigxbcceuhctfjtvoa/Build/Intermediates.noindex/Trawl.build/Debug-iphoneos/Trawl.build/Objects-normal/arm64/sources-1 -primary-file /Users/jamespoole/Documents/Trawl\ Project/Trawl/Trawl/Trawl/ArrStack/RadarrViewModel.swift -primary-file /Users/jamespoole/Documents/Trawl\ Project/Trawl/Trawl/Trawl/ArrStack/SonarrAddSeriesSheet.swift -primary-file /Users/jamespoole/Documents/Trawl\ Project/Trawl/Trawl/Trawl/ArrStack/SonarrAPIClient.swift -primary-file /Users/jamespoole/Documents/Trawl\ Project/Trawl/Trawl/Trawl/ArrStack/SonarrEditSeriesSheet.swift -supplementary-output-file-map /Users/jamespoole/Library/Developer/Xcode/DerivedData/Trawl-bxtrgapxrgbigxbcceuhctfjtvoa/Build/Intermediates.noindex/Trawl.build/Debug-iphoneos/Trawl.build/Objects-normal/arm64/supplementaryOutputs-8 -emit-localized-strings -emit-localized-strings-path /Users/jamespoole/Library/Developer/Xcode/DerivedData/Trawl-bxtrgapxrgbigxbcceuhctfjtvoa/Build/Intermediates.noindex/Trawl.build/Debug-iphoneos/Trawl.build/Objects-normal/arm64 -target arm64-apple-ios26.0 -module-can-import-version DeveloperToolsSupport 23.40.26 23.40.26 -module-can-import-version SwiftUI 7.4.27.1 7.4.27 -module-can-import-version UIKit 9126.4.27.1 9126.4.27 -disable-cross-import-overlay-search -swift-module-cross-import SwiftData /Applications/Xcode.app/Contents/Developer/Platforms/iPhoneOS.platform/Developer/SDKs/iPhoneOS26.4.sdk/System/Library/Frameworks/SwiftData.framework/Modules/SwiftData.swiftcrossimport/CoreData.swiftoverlay -swift-module-cross-import SwiftData /Applications/Xcode.app/Contents/Developer/Platforms/iPhoneOS.platform/Developer/SDKs/iPhoneOS26.4.sdk/System/Library/Frameworks/SwiftData.framework/Modules/SwiftData.swiftcrossimport/SwiftUI.swiftoverlay -load-resolved-plugin /Applications/Xcode.app/Contents/Developer/Platforms/iPhoneOS.platform/Developer/usr/lib/swift/host/plugins/libFoundationMacros.dylib\#/Applications/Xcode.app/Contents/Developer/Platforms/iPhoneOS.platform/Developer/usr/bin/swift-plugin-server\#FoundationMacros -load-resolved-plugin /Applications/Xcode.app/Contents/Developer/Platforms/iPhoneOS.platform/Developer/usr/lib/swift/host/plugins/libObservationMacros.dylib\#/Applications/Xcode.app/Contents/Developer/Platforms/iPhoneOS.platform/Developer/usr/bin/swift-plugin-server\#ObservationMacros -load-resolved-plugin /Applications/Xcode.app/Contents/Developer/Platforms/iPhoneOS.platform/Developer/usr/lib/swift/host/plugins/libPreviewsMacros.dylib\#/Applications/Xcode.app/Contents/Developer/Platforms/iPhoneOS.platform/Developer/usr/bin/swift-plugin-server\#PreviewsMacros -load-resolved-plugin /Applications/Xcode.app/Contents/Developer/Platforms/iPhoneOS.platform/Developer/usr/lib/swift/host/plugins/libSwiftDataMacros.dylib\#/Applications/Xcode.app/Contents/Developer/Platforms/iPhoneOS.platform/Developer/usr/bin/swift-plugin-server\#SwiftDataMacros -load-resolved-plugin /Applications/Xcode.app/Contents/Developer/Platforms/iPhoneOS.platform/Developer/usr/lib/swift/host/plugins/libSwiftMacros.dylib\#/Applications/Xcode.app/Contents/Developer/Platforms/iPhoneOS.platform/Developer/usr/bin/swift-plugin-server\#SwiftMacros -load-resolved-plugin /Applications/Xcode.app/Contents/Developer/Platforms/iPhoneOS.platform/Developer/usr/lib/swift/host/plugins/libSwiftUIMacros.dylib\#/Applications/Xcode.app/Contents/Developer/Platforms/iPhoneOS.platform/Developer/usr/bin/swift-plugin-server\#SwiftUIMacros -disable-implicit-swift-modules -Xcc -fno-implicit-modules -Xcc -fno-implicit-module-maps -explicit-swift-module-map-file /Users/jamespoole/Library/Developer/Xcode/DerivedData/Trawl-bxtrgapxrgbigxbcceuhctfjtvoa/Build/Intermediates.noindex/Trawl.build/Debug-iphoneos/Trawl.build/Objects-normal/arm64/Trawl-dependencies-1.json -debug-module-path /Users/jamespoole/Library/Developer/Xcode/DerivedData/Trawl-bxtrgapxrgbigxbcceuhctfjtvoa/Build/Intermediates.noindex/Trawl.build/Debug-iphoneos/Trawl.build/Objects-normal/arm64/Trawl.swiftmodule -Xllvm -aarch64-use-tbi -enable-objc-interop -stack-check -sdk /Applications/Xcode.app/Contents/Developer/Platforms/iPhoneOS.platform/Developer/SDKs/iPhoneOS26.4.sdk -I /Users/jamespoole/Library/Developer/Xcode/DerivedData/Trawl-bxtrgapxrgbigxbcceuhctfjtvoa/Build/Products/Debug-iphoneos -F /Users/jamespoole/Library/Developer/Xcode/DerivedData/Trawl-bxtrgapxrgbigxbcceuhctfjtvoa/Build/Products/Debug-iphoneos -no-color-diagnostics -Xcc -fno-color-diagnostics -enable-testing -g -debug-info-format\=dwarf -dwarf-version\=5 -module-cache-path /Users/jamespoole/Library/Developer/Xcode/DerivedData/Trawl-bxtrgapxrgbigxbcceuhctfjtvoa/Build/Intermediates.noindex/SwiftExplicitPrecompiledModules -profile-generate -profile-coverage-mapping -swift-version 6 -Onone -D DEBUG -serialize-debugging-options -const-gather-protocols-file /Users/jamespoole/Library/Developer/Xcode/DerivedData/Trawl-bxtrgapxrgbigxbcceuhctfjtvoa/Build/Intermediates.noindex/Trawl.build/Debug-iphoneos/Trawl.build/Objects-normal/arm64/Trawl_const_extract_protocols.json -enable-upcoming-feature MemberImportVisibility -enable-upcoming-feature InferIsolatedConformances -enable-upcoming-feature NonisolatedNonsendingByDefault -enable-experimental-feature DebugDescriptionMacro -default-isolation\=MainActor -empty-abi-descriptor -validate-clang-modules-once -clang-build-session-file /Users/jamespoole/Library/Developer/Xcode/DerivedData/ModuleCache.noindex/Session.modulevalidation -Xcc -working-directory -Xcc /Users/jamespoole/Documents/Trawl\ Project/Trawl/Trawl -enable-anonymous-context-mangled-names -file-compilation-dir /Users/jamespoole/Documents/Trawl\ Project/Trawl/Trawl -Xcc -D_LIBCPP_HARDENING_MODE\=_LIBCPP_HARDENING_MODE_DEBUG -Xcc -ivfsstatcache -Xcc /Users/jamespoole/Library/Developer/Xcode/DerivedData/SDKStatCaches.noindex/iphoneos26.4-23E252-688ef53f1462e2c8f657fdc38a81448f68a138bb55de9ba35ce6c8c40d12849e.sdkstatcache -Xcc -I/Users/jamespoole/Library/Developer/Xcode/DerivedData/Trawl-bxtrgapxrgbigxbcceuhctfjtvoa/Build/Intermediates.noindex/Trawl.build/Debug-iphoneos/Trawl.build/swift-overrides.hmap -Xcc -iquote -Xcc /Users/jamespoole/Library/Developer/Xcode/DerivedData/Trawl-bxtrgapxrgbigxbcceuhctfjtvoa/Build/Intermediates.noindex/Trawl.build/Debug-iphoneos/Trawl.build/Trawl-generated-files.hmap -Xcc -I/Users/jamespoole/Library/Developer/Xcode/DerivedData/Trawl-bxtrgapxrgbigxbcceuhctfjtvoa/Build/Intermediates.noindex/Trawl.build/Debug-iphoneos/Trawl.build/Trawl-own-target-headers.hmap -Xcc -I/Users/jamespoole/Library/Developer/Xcode/DerivedData/Trawl-bxtrgapxrgbigxbcceuhctfjtvoa/Build/Intermediates.noindex/Trawl.build/Debug-iphoneos/Trawl.build/Trawl-all-target-headers.hmap -Xcc -iquote -Xcc /Users/jamespoole/Library/Developer/Xcode/DerivedData/Trawl-bxtrgapxrgbigxbcceuhctfjtvoa/Build/Intermediates.noindex/Trawl.build/Debug-iphoneos/Trawl.build/Trawl-project-headers.hmap -Xcc -I/Users/jamespoole/Library/Developer/Xcode/DerivedData/Trawl-bxtrgapxrgbigxbcceuhctfjtvoa/Build/Products/Debug-iphoneos/include -Xcc -I/Users/jamespoole/Library/Developer/Xcode/DerivedData/Trawl-bxtrgapxrgbigxbcceuhctfjtvoa/Build/Intermediates.noindex/Trawl.build/Debug-iphoneos/Trawl.build/DerivedSources-normal/arm64 -Xcc -I/Users/jamespoole/Library/Developer/Xcode/DerivedData/Trawl-bxtrgapxrgbigxbcceuhctfjtvoa/Build/Intermediates.noindex/Trawl.build/Debug-iphoneos/Trawl.build/DerivedSources/arm64 -Xcc -I/Users/jamespoole/Library/Developer/Xcode/DerivedData/Trawl-bxtrgapxrgbigxbcceuhctfjtvoa/Build/Intermediates.noindex/Trawl.build/Debug-iphoneos/Trawl.build/DerivedSources -Xcc -DDEBUG\=1 -no-auto-bridging-header-chaining -module-name Trawl -frontend-parseable-output -disable-clang-spi -clang-target arm64-apple-ios26.4 -target-sdk-version 26.4 -target-sdk-name iphoneos26.4 -in-process-plugin-server-path /Applications/Xcode.app/Contents/Developer/Toolchains/XcodeDefault.xctoolchain/usr/lib/swift/host/libSwiftInProcPluginServer.dylib -o /Users/jamespoole/Library/Developer/Xcode/DerivedData/Trawl-bxtrgapxrgbigxbcceuhctfjtvoa/Build/Intermediates.noindex/Trawl.build/Debug-iphoneos/Trawl.build/Objects-normal/arm64/RadarrViewModel.o -o /Users/jamespoole/Library/Developer/Xcode/DerivedData/Trawl-bxtrgapxrgbigxbcceuhctfjtvoa/Build/Intermediates.noindex/Trawl.build/Debug-iphoneos/Trawl.build/Objects-normal/arm64/SonarrAddSeriesSheet.o -o /Users/jamespoole/Library/Developer/Xcode/DerivedData/Trawl-bxtrgapxrgbigxbcceuhctfjtvoa/Build/Intermediates.noindex/Trawl.build/Debug-iphoneos/Trawl.build/Objects-normal/arm64/SonarrAPIClient.o -o /Users/jamespoole/Library/Developer/Xcode/DerivedData/Trawl-bxtrgapxrgbigxbcceuhctfjtvoa/Build/Intermediates.noindex/Trawl.build/Debug-iphoneos/Trawl.build/Objects-normal/arm64/SonarrEditSeriesSheet.o -index-unit-output-path /Trawl.build/Debug-iphoneos/Trawl.build/Objects-normal/arm64/RadarrViewModel.o -index-unit-output-path /Trawl.build/Debug-iphoneos/Trawl.build/Objects-normal/arm64/SonarrAddSeriesSheet.o -index-unit-output-path /Trawl.build/Debug-iphoneos/Trawl.build/Objects-normal/arm64/SonarrAPIClient.o -index-unit-output-path /Trawl.build/Debug-iphoneos/Trawl.build/Objects-normal/arm64/SonarrEditSeriesSheet.o -index-store-path /Users/jamespoole/Library/Developer/Xcode/DerivedData/Trawl-bxtrgapxrgbigxbcceuhctfjtvoa/Index.noindex/DataStore -index-system-modules

SwiftCompile normal arm64 /Users/jamespoole/Documents/Trawl\ Project/Trawl/Trawl/Trawl/ArrStack/RadarrViewModel.swift (in target 'Trawl' from project 'Trawl')
    cd /Users/jamespoole/Documents/Trawl\ Project/Trawl/Trawl

/Users/jamespoole/Documents/Trawl Project/Trawl/Trawl/Trawl/ArrStack/RadarrViewModel.swift:59:19: error: type 'ArrMediaLibraryViewModel<Client, Filter, Sort>' does not conform to protocol 'ArrMediaListViewModel'
    override func rebuildFilteredItems() {
                  ^

SwiftCompile normal arm64 /Users/jamespoole/Documents/Trawl\ Project/Trawl/Trawl/Trawl/ArrStack/SonarrAddSeriesSheet.swift (in target 'Trawl' from project 'Trawl')
    cd /Users/jamespoole/Documents/Trawl\ Project/Trawl/Trawl


SwiftCompile normal arm64 /Users/jamespoole/Documents/Trawl\ Project/Trawl/Trawl/Trawl/ArrStack/SonarrAPIClient.swift (in target 'Trawl' from project 'Trawl')
    cd /Users/jamespoole/Documents/Trawl\ Project/Trawl/Trawl


SwiftCompile normal arm64 /Users/jamespoole/Documents/Trawl\ Project/Trawl/Trawl/Trawl/ArrStack/SonarrEditSeriesSheet.swift (in target 'Trawl' from project 'Trawl')
    cd /Users/jamespoole/Documents/Trawl\ Project/Trawl/Trawl


SwiftCompile normal arm64 Compiling\ BazarrSubtitleStatusCard.swift,\ ProwlarrIndexerListView.swift,\ ProwlarrViewModel.swift,\ RadarrAddMovieSheet.swift /Users/jamespoole/Documents/Trawl\ Project/Trawl/Trawl/Trawl/ArrStack/BazarrSubtitleStatusCard.swift /Users/jamespoole/Documents/Trawl\ Project/Trawl/Trawl/Trawl/ArrStack/ProwlarrIndexerListView.swift /Users/jamespoole/Documents/Trawl\ Project/Trawl/Trawl/Trawl/ArrStack/ProwlarrViewModel.swift /Users/jamespoole/Documents/Trawl\ Project/Trawl/Trawl/Trawl/ArrStack/RadarrAddMovieSheet.swift (in target 'Trawl' from project 'Trawl')

SwiftCompile normal arm64 /Users/jamespoole/Documents/Trawl\ Project/Trawl/Trawl/Trawl/ArrStack/BazarrSubtitleStatusCard.swift (in target 'Trawl' from project 'Trawl')
    cd /Users/jamespoole/Documents/Trawl\ Project/Trawl/Trawl


SwiftCompile normal arm64 /Users/jamespoole/Documents/Trawl\ Project/Trawl/Trawl/Trawl/ArrStack/ProwlarrIndexerListView.swift (in target 'Trawl' from project 'Trawl')
    cd /Users/jamespoole/Documents/Trawl\ Project/Trawl/Trawl


SwiftCompile normal arm64 /Users/jamespoole/Documents/Trawl\ Project/Trawl/Trawl/Trawl/ArrStack/ProwlarrViewModel.swift (in target 'Trawl' from project 'Trawl')
    cd /Users/jamespoole/Documents/Trawl\ Project/Trawl/Trawl


SwiftCompile normal arm64 /Users/jamespoole/Documents/Trawl\ Project/Trawl/Trawl/Trawl/ArrStack/RadarrAddMovieSheet.swift (in target 'Trawl' from project 'Trawl')
    cd /Users/jamespoole/Documents/Trawl\ Project/Trawl/Trawl


SwiftCompile normal arm64 Compiling\ ArrNamingConfigView.swift,\ ArrRemotePathMappingListView.swift,\ ArrRootFoldersView.swift,\ ArrServiceManager.swift /Users/jamespoole/Documents/Trawl\ Project/Trawl/Trawl/Trawl/ArrStack/ArrNamingConfigView.swift /Users/jamespoole/Documents/Trawl\ Project/Trawl/Trawl/Trawl/ArrStack/ArrRemotePathMappingListView.swift /Users/jamespoole/Documents/Trawl\ Project/Trawl/Trawl/Trawl/ArrStack/ArrRootFoldersView.swift /Users/jamespoole/Documents/Trawl\ Project/Trawl/Trawl/Trawl/ArrStack/ArrServiceManager.swift (in target 'Trawl' from project 'Trawl')

SwiftCompile normal arm64 /Users/jamespoole/Documents/Trawl\ Project/Trawl/Trawl/Trawl/ArrStack/ArrNamingConfigView.swift (in target 'Trawl' from project 'Trawl')
    cd /Users/jamespoole/Documents/Trawl\ Project/Trawl/Trawl


SwiftCompile normal arm64 /Users/jamespoole/Documents/Trawl\ Project/Trawl/Trawl/Trawl/ArrStack/ArrRemotePathMappingListView.swift (in target 'Trawl' from project 'Trawl')
    cd /Users/jamespoole/Documents/Trawl\ Project/Trawl/Trawl


SwiftCompile normal arm64 /Users/jamespoole/Documents/Trawl\ Project/Trawl/Trawl/Trawl/ArrStack/ArrRootFoldersView.swift (in target 'Trawl' from project 'Trawl')
    cd /Users/jamespoole/Documents/Trawl\ Project/Trawl/Trawl


SwiftCompile normal arm64 /Users/jamespoole/Documents/Trawl\ Project/Trawl/Trawl/Trawl/ArrStack/ArrServiceManager.swift (in target 'Trawl' from project 'Trawl')
    cd /Users/jamespoole/Documents/Trawl\ Project/Trawl/Trawl


SwiftCompile normal arm64 Compiling\ ArrServicesSettingsView.swift,\ ArrWantedView.swift,\ BazarrBrowserView.swift,\ BazarrLanguageProfilesView.swift /Users/jamespoole/Documents/Trawl\ Project/Trawl/Trawl/Trawl/ArrStack/ArrServicesSettingsView.swift /Users/jamespoole/Documents/Trawl\ Project/Trawl/Trawl/Trawl/ArrStack/ArrWantedView.swift /Users/jamespoole/Documents/Trawl\ Project/Trawl/Trawl/Trawl/ArrStack/BazarrBrowserView.swift /Users/jamespoole/Documents/Trawl\ Project/Trawl/Trawl/Trawl/ArrStack/BazarrLanguageProfilesView.swift (in target 'Trawl' from project 'Trawl')

** BUILD FAILED **


The following build commands failed:
	SwiftCompile normal arm64 Compiling\ RadarrViewModel.swift,\ SonarrAddSeriesSheet.swift,\ SonarrAPIClient.swift,\ SonarrEditSeriesSheet.swift /Users/jamespoole/Documents/Trawl\ Project/Trawl/Trawl/Trawl/ArrStack/RadarrViewModel.swift /Users/jamespoole/Documents/Trawl\ Project/Trawl/Trawl/Trawl/ArrStack/SonarrAddSeriesSheet.swift /Users/jamespoole/Documents/Trawl\ Project/Trawl/Trawl/Trawl/ArrStack/SonarrAPIClient.swift /Users/jamespoole/Documents/Trawl\ Project/Trawl/Trawl/Trawl/ArrStack/SonarrEditSeriesSheet.swift (in target 'Trawl' from project 'Trawl')
	SwiftCompile normal arm64 /Users/jamespoole/Documents/Trawl\ Project/Trawl/Trawl/Trawl/ArrStack/RadarrViewModel.swift (in target 'Trawl' from project 'Trawl')
	Building project Trawl with scheme Trawl
(3 failures)
